[    4300ms] Error: Minified React error #425; visit https://reactjs.org/docs/error-decoder.html?invariant=425 for the full message or use the non-minified dev environment for full errors and additional helpful warnings.
    at Zr (https://portal.volccdn.com/obj/volcfe-scm/common-lib/static/js/index.1.0.0.38.js:1:155219)
    at Gu (https://portal.volccdn.com/obj/volcfe-scm/common-lib/static/js/index.1.0.0.38.js:1:199481)
    at Sl (https://portal.volccdn.com/obj/volcfe-scm/common-lib/static/js/index.1.0.0.38.js:1:220964)
    at _l (https://portal.volccdn.com/obj/volcfe-scm/common-lib/static/js/index.1.0.0.38.js:1:220845)
    at wl (https://portal.volccdn.com/obj/volcfe-scm/common-lib/static/js/index.1.0.0.38.js:1:220712)
    at bl (https://portal.volccdn.com/obj/volcfe-scm/common-lib/static/js/index.1.0.0.38.js:1:220575)
    at ul (https://portal.volccdn.com/obj/volcfe-scm/common-lib/static/js/index.1.0.0.38.js:1:215683)
    at j (https://portal.volccdn.com/obj/volcfe-scm/common-lib/static/js/index.1.0.0.38.js:1:109046)
    at MessagePort.O (https://portal.volccdn.com/obj/volcfe-scm/common-lib/static/js/index.1.0.0.38.js:1:109584)
[    4303ms] Error: Minified React error #418; visit https://reactjs.org/docs/error-decoder.html?invariant=418 for the full message or use the non-minified dev environment for full errors and additional helpful warnings.
    at pa (https://portal.volccdn.com/obj/volcfe-scm/common-lib/static/js/index.1.0.0.38.js:1:160075)
    at Es (https://portal.volccdn.com/obj/volcfe-scm/common-lib/static/js/index.1.0.0.38.js:1:233403)
    at _l (https://portal.volccdn.com/obj/volcfe-scm/common-lib/static/js/index.1.0.0.38.js:1:220784)
    at wl (https://portal.volccdn.com/obj/volcfe-scm/common-lib/static/js/index.1.0.0.38.js:1:220712)
    at bl (https://portal.volccdn.com/obj/volcfe-scm/common-lib/static/js/index.1.0.0.38.js:1:220575)
    at ul (https://portal.volccdn.com/obj/volcfe-scm/common-lib/static/js/index.1.0.0.38.js:1:215683)
    at j (https://portal.volccdn.com/obj/volcfe-scm/common-lib/static/js/index.1.0.0.38.js:1:109046)
    at MessagePort.O (https://portal.volccdn.com/obj/volcfe-scm/common-lib/static/js/index.1.0.0.38.js:1:109584)
[    4303ms] Error: Minified React error #418; visit https://reactjs.org/docs/error-decoder.html?invariant=418 for the full message or use the non-minified dev environment for full errors and additional helpful warnings.
    at pa (https://portal.volccdn.com/obj/volcfe-scm/common-lib/static/js/index.1.0.0.38.js:1:160075)
    at Es (https://portal.volccdn.com/obj/volcfe-scm/common-lib/static/js/index.1.0.0.38.js:1:233403)
    at _l (https://portal.volccdn.com/obj/volcfe-scm/common-lib/static/js/index.1.0.0.38.js:1:220784)
    at wl (https://portal.volccdn.com/obj/volcfe-scm/common-lib/static/js/index.1.0.0.38.js:1:220712)
    at bl (https://portal.volccdn.com/obj/volcfe-scm/common-lib/static/js/index.1.0.0.38.js:1:220575)
    at ul (https://portal.volccdn.com/obj/volcfe-scm/common-lib/static/js/index.1.0.0.38.js:1:215683)
    at j (https://portal.volccdn.com/obj/volcfe-scm/common-lib/static/js/index.1.0.0.38.js:1:109046)
    at MessagePort.O (https://portal.volccdn.com/obj/volcfe-scm/common-lib/static/js/index.1.0.0.38.js:1:109584)
[    4303ms] Error: Minified React error #418; visit https://reactjs.org/docs/error-decoder.html?invariant=418 for the full message or use the non-minified dev environment for full errors and additional helpful warnings.
    at pa (https://portal.volccdn.com/obj/volcfe-scm/common-lib/static/js/index.1.0.0.38.js:1:160075)
    at Es (https://portal.volccdn.com/obj/volcfe-scm/common-lib/static/js/index.1.0.0.38.js:1:233403)
    at _l (https://portal.volccdn.com/obj/volcfe-scm/common-lib/static/js/index.1.0.0.38.js:1:220784)
    at wl (https://portal.volccdn.com/obj/volcfe-scm/common-lib/static/js/index.1.0.0.38.js:1:220712)
    at bl (https://portal.volccdn.com/obj/volcfe-scm/common-lib/static/js/index.1.0.0.38.js:1:220575)
    at ul (https://portal.volccdn.com/obj/volcfe-scm/common-lib/static/js/index.1.0.0.38.js:1:215683)
    at j (https://portal.volccdn.com/obj/volcfe-scm/common-lib/static/js/index.1.0.0.38.js:1:109046)
    at MessagePort.O (https://portal.volccdn.com/obj/volcfe-scm/common-lib/static/js/index.1.0.0.38.js:1:109584)
[    4303ms] Error: Minified React error #418; visit https://reactjs.org/docs/error-decoder.html?invariant=418 for the full message or use the non-minified dev environment for full errors and additional helpful warnings.
    at pa (https://portal.volccdn.com/obj/volcfe-scm/common-lib/static/js/index.1.0.0.38.js:1:160075)
    at Es (https://portal.volccdn.com/obj/volcfe-scm/common-lib/static/js/index.1.0.0.38.js:1:233403)
    at _l (https://portal.volccdn.com/obj/volcfe-scm/common-lib/static/js/index.1.0.0.38.js:1:220784)
    at wl (https://portal.volccdn.com/obj/volcfe-scm/common-lib/static/js/index.1.0.0.38.js:1:220712)
    at bl (https://portal.volccdn.com/obj/volcfe-scm/common-lib/static/js/index.1.0.0.38.js:1:220575)
    at ul (https://portal.volccdn.com/obj/volcfe-scm/common-lib/static/js/index.1.0.0.38.js:1:215683)
    at j (https://portal.volccdn.com/obj/volcfe-scm/common-lib/static/js/index.1.0.0.38.js:1:109046)
    at MessagePort.O (https://portal.volccdn.com/obj/volcfe-scm/common-lib/static/js/index.1.0.0.38.js:1:109584)
[    4303ms] Error: Minified React error #418; visit https://reactjs.org/docs/error-decoder.html?invariant=418 for the full message or use the non-minified dev environment for full errors and additional helpful warnings.
    at pa (https://portal.volccdn.com/obj/volcfe-scm/common-lib/static/js/index.1.0.0.38.js:1:160075)
    at Es (https://portal.volccdn.com/obj/volcfe-scm/common-lib/static/js/index.1.0.0.38.js:1:233403)
    at _l (https://portal.volccdn.com/obj/volcfe-scm/common-lib/static/js/index.1.0.0.38.js:1:220784)
    at wl (https://portal.volccdn.com/obj/volcfe-scm/common-lib/static/js/index.1.0.0.38.js:1:220712)
    at bl (https://portal.volccdn.com/obj/volcfe-scm/common-lib/static/js/index.1.0.0.38.js:1:220575)
    at ul (https://portal.volccdn.com/obj/volcfe-scm/common-lib/static/js/index.1.0.0.38.js:1:215683)
    at j (https://portal.volccdn.com/obj/volcfe-scm/common-lib/static/js/index.1.0.0.38.js:1:109046)
    at MessagePort.O (https://portal.volccdn.com/obj/volcfe-scm/common-lib/static/js/index.1.0.0.38.js:1:109584)
[    4304ms] Error: Minified React error #418; visit https://reactjs.org/docs/error-decoder.html?invariant=418 for the full message or use the non-minified dev environment for full errors and additional helpful warnings.
    at pa (https://portal.volccdn.com/obj/volcfe-scm/common-lib/static/js/index.1.0.0.38.js:1:160075)
    at Es (https://portal.volccdn.com/obj/volcfe-scm/common-lib/static/js/index.1.0.0.38.js:1:233403)
    at _l (https://portal.volccdn.com/obj/volcfe-scm/common-lib/static/js/index.1.0.0.38.js:1:220784)
    at wl (https://portal.volccdn.com/obj/volcfe-scm/common-lib/static/js/index.1.0.0.38.js:1:220712)
    at bl (https://portal.volccdn.com/obj/volcfe-scm/common-lib/static/js/index.1.0.0.38.js:1:220575)
    at ul (https://portal.volccdn.com/obj/volcfe-scm/common-lib/static/js/index.1.0.0.38.js:1:215683)
    at j (https://portal.volccdn.com/obj/volcfe-scm/common-lib/static/js/index.1.0.0.38.js:1:109046)
    at MessagePort.O (https://portal.volccdn.com/obj/volcfe-scm/common-lib/static/js/index.1.0.0.38.js:1:109584)
[    4304ms] Error: Minified React error #423; visit https://reactjs.org/docs/error-decoder.html?invariant=423 for the full message or use the non-minified dev environment for full errors and additional helpful warnings.
    at Es (https://portal.volccdn.com/obj/volcfe-scm/common-lib/static/js/index.1.0.0.38.js:1:233089)
    at _l (https://portal.volccdn.com/obj/volcfe-scm/common-lib/static/js/index.1.0.0.38.js:1:220784)
    at wl (https://portal.volccdn.com/obj/volcfe-scm/common-lib/static/js/index.1.0.0.38.js:1:220712)
    at bl (https://portal.volccdn.com/obj/volcfe-scm/common-lib/static/js/index.1.0.0.38.js:1:220575)
    at sl (https://portal.volccdn.com/obj/volcfe-scm/common-lib/static/js/index.1.0.0.38.js:1:217355)
    at ul (https://portal.volccdn.com/obj/volcfe-scm/common-lib/static/js/index.1.0.0.38.js:1:215909)
    at j (https://portal.volccdn.com/obj/volcfe-scm/common-lib/static/js/index.1.0.0.38.js:1:109046)
    at MessagePort.O (https://portal.volccdn.com/obj/volcfe-scm/common-lib/static/js/index.1.0.0.38.js:1:109584)
[    4339ms] [WARNING] The web fetch in browser environment has not psm field @ https://portal.volccdn.com/obj/volcfe-scm/doccenter/static/js/24.baf2232c.js:1
[    4339ms] [WARNING] The web fetch in browser environment has not psm field @ https://portal.volccdn.com/obj/volcfe-scm/doccenter/static/js/24.baf2232c.js:1
[    4339ms] [WARNING] The web fetch in browser environment has not psm field @ https://portal.volccdn.com/obj/volcfe-scm/doccenter/static/js/24.baf2232c.js:1
[    4912ms] [WARNING] The web fetch in browser environment has not psm field @ https://portal.volccdn.com/obj/volcfe-scm/doccenter/static/js/24.baf2232c.js:1
[    6162ms] [ERROR] can no read vconsoleAppInfo from window object @ https://res.volccdn.com/obj/volc-console-fe/vcopilot-entry/web/static/js/662.0b507bc7.js:93
[    6206ms] [ERROR] can no read vconsoleAppInfo from window object @ https://res.volccdn.com/obj/volc-console-fe/vcopilot-entry/web/static/js/662.0b507bc7.js:93
[    6245ms] [WARNING] CommonJSONRPCProtocol: method vcopilot/set-ui-config already has request handler, override. @ https://res.volccdn.com/obj/volc-console-fe/vcopilot-entry/web/static/js/main.63627e26.js:2
[    6245ms] [WARNING] CommonJSONRPCProtocol: method vcopilot/get-display-state already has request handler, override. @ https://res.volccdn.com/obj/volc-console-fe/vcopilot-entry/web/static/js/main.63627e26.js:2
[    6245ms] [WARNING] CommonJSONRPCProtocol: method vcopilot/iframe/proxy-jsonrpc-notification already has notification handler, override. @ https://res.volccdn.com/obj/volc-console-fe/vcopilot-entry/web/static/js/main.63627e26.js:2
